<?xml version="1.0" encoding="UTF-8"?>
<!-- Generated by org.testng.reporters.JUnitReportReporter -->
<testsuite skipped="0" hostname="Alexis" name="test.Add_NationalityTest" tests="1" failures="0" timestamp="19 Jun 2019 19:13:40 GMT" time="20.264" errors="0">
  <testcase name="add_nationality" time="20.264" classname="test.Add_NationalityTest"/>
</testsuite> <!-- test.Add_NationalityTest -->
