<?xml version="1.0" encoding="UTF-8"?>
<!-- Generated by org.testng.reporters.JUnitReportReporter -->
<testsuite skipped="0" hostname="Alexis" name="test.LoginOrangeHRMTest" tests="1" failures="0" timestamp="01 Apr 2019 19:46:53 GMT" time="2.485" errors="0">
  <testcase name="login" time="2.485" classname="test.LoginOrangeHRMTest"/>
</testsuite> <!-- test.LoginOrangeHRMTest -->
