<?xml version="1.0" encoding="UTF-8"?>
<!-- Generated by org.testng.reporters.JUnitReportReporter -->
<testsuite skipped="0" hostname="Alexis" name="test.Add_NationalityTest" tests="1" failures="0" timestamp="11 Nov 2019 18:30:00 GMT" time="7.355" errors="0">
  <testcase name="add_nationality" time="7.355" classname="test.Add_NationalityTest"/>
</testsuite> <!-- test.Add_NationalityTest -->
