<?xml version="1.0" encoding="UTF-8"?>
<!-- Generated by org.testng.reporters.JUnitReportReporter -->
<testsuite skipped="0" hostname="LAS132" name="test.Delete_NationalityTest" tests="1" failures="0" timestamp="13 Nov 2019 16:24:29 GMT" time="6.373" errors="0">
  <testcase name="delete_nationality" time="6.373" classname="test.Delete_NationalityTest"/>
</testsuite> <!-- test.Delete_NationalityTest -->
