<?xml version="1.0" encoding="UTF-8"?>
<!-- Generated by org.testng.reporters.JUnitReportReporter -->
<testsuite skipped="0" hostname="Alexis" name="test.Add_NationalityTest" tests="1" failures="0" timestamp="23 Oct 2019 20:52:46 GMT" time="44.436" errors="0">
  <testcase name="add_nationality" time="44.436" classname="test.Add_NationalityTest"/>
</testsuite> <!-- test.Add_NationalityTest -->
