<?xml version="1.0" encoding="UTF-8"?>
<!-- Generated by org.testng.reporters.JUnitReportReporter -->
<testsuite skipped="0" hostname="Alexis" name="test.Add_NationalityTest" tests="1" failures="0" timestamp="28 Oct 2019 19:32:14 GMT" time="5.756" errors="0">
  <testcase name="add_nationality" time="5.756" classname="test.Add_NationalityTest"/>
</testsuite> <!-- test.Add_NationalityTest -->
