<?xml version="1.0" encoding="UTF-8"?>
<!-- Generated by org.testng.reporters.JUnitReportReporter -->
<testsuite skipped="0" hostname="Alexis" name="test.Test1Admin" tests="1" failures="0" timestamp="26 Mar 2019 15:53:07 GMT" time="6.002" errors="0">
  <testcase name="test1Admin" time="6.002" classname="test.Test1Admin"/>
</testsuite> <!-- test.Test1Admin -->
