<?xml version="1.0" encoding="UTF-8"?>
<!-- Generated by org.testng.reporters.JUnitReportReporter -->
<testsuite skipped="0" hostname="Alexis" name="test.Add_NationalityTest" tests="1" failures="0" timestamp="04 Apr 2019 14:54:15 GMT" time="4.380" errors="0">
  <testcase name="add_nationality" time="4.380" classname="test.Add_NationalityTest"/>
</testsuite> <!-- test.Add_NationalityTest -->
