<?xml version="1.0" encoding="UTF-8"?>
<!-- Generated by org.testng.reporters.JUnitReportReporter -->
<testsuite skipped="0" hostname="Alexis" name="test.LoginOrangeHRM" tests="1" failures="0" timestamp="28 Mar 2019 20:04:20 GMT" time="2.580" errors="0">
  <testcase name="login" time="2.580" classname="test.LoginOrangeHRM"/>
</testsuite> <!-- test.LoginOrangeHRM -->
