<?xml version="1.0" encoding="UTF-8"?>
<!-- Generated by org.testng.reporters.JUnitReportReporter -->
<testsuite skipped="0" hostname="LAS132" name="test.LoginOrangeHRMTest" tests="1" failures="0" timestamp="19 Feb 2020 22:33:12 GMT" time="4.617" errors="0">
  <testcase name="login" time="4.617" classname="test.LoginOrangeHRMTest"/>
</testsuite> <!-- test.LoginOrangeHRMTest -->
