<?xml version="1.0" encoding="UTF-8"?>
<!-- Generated by org.testng.reporters.JUnitReportReporter -->
<testsuite skipped="0" hostname="Alexis" name="test.Delete_Nationality" tests="1" failures="0" timestamp="29 Mar 2019 14:44:04 GMT" time="5.295" errors="0">
  <testcase name="delete_nationality" time="5.295" classname="test.Delete_Nationality"/>
</testsuite> <!-- test.Delete_Nationality -->
