<?xml version="1.0" encoding="UTF-8"?>
<!-- Generated by org.testng.reporters.JUnitReportReporter -->
<testsuite skipped="0" hostname="Alexis" name="test.Add_Nationality" tests="1" failures="0" timestamp="29 Mar 2019 14:43:27 GMT" time="20.922" errors="0">
  <testcase name="add_nationality" time="20.922" classname="test.Add_Nationality"/>
</testsuite> <!-- test.Add_Nationality -->
