<?xml version="1.0" encoding="UTF-8"?>
<!-- Generated by org.testng.reporters.JUnitReportReporter -->
<testsuite skipped="0" hostname="Alexis" name="test.LoginOrangeHRMTest" tests="1" failures="0" timestamp="19 Jun 2019 19:12:58 GMT" time="1.908" errors="0">
  <testcase name="login" time="1.908" classname="test.LoginOrangeHRMTest"/>
</testsuite> <!-- test.LoginOrangeHRMTest -->
