<?xml version="1.0" encoding="UTF-8"?>
<!-- Generated by org.testng.reporters.JUnitReportReporter -->
<testsuite skipped="0" hostname="Alexis" name="test.Delete_NationalityTest" tests="1" failures="0" timestamp="23 Oct 2019 20:52:46 GMT" time="24.691" errors="0">
  <testcase name="delete_nationality" time="24.691" classname="test.Delete_NationalityTest"/>
</testsuite> <!-- test.Delete_NationalityTest -->
