<?xml version="1.0" encoding="UTF-8"?>
<!-- Generated by org.testng.reporters.JUnitReportReporter -->
<testsuite skipped="0" hostname="Alexis" name="test.Delete_NationalityTest" tests="1" failures="0" timestamp="04 Apr 2019 14:54:39 GMT" time="4.974" errors="0">
  <testcase name="delete_nationality" time="4.974" classname="test.Delete_NationalityTest"/>
</testsuite> <!-- test.Delete_NationalityTest -->
