<?xml version="1.0" encoding="UTF-8"?>
<!-- Generated by org.testng.reporters.JUnitReportReporter -->
<testsuite skipped="0" hostname="Alexis" name="test.LoginOrangeHRMTest" tests="1" failures="0" timestamp="27 Jun 2019 15:15:03 GMT" time="4.903" errors="0">
  <testcase name="login" time="4.903" classname="test.LoginOrangeHRMTest"/>
</testsuite> <!-- test.LoginOrangeHRMTest -->
