<?xml version="1.0" encoding="UTF-8"?>
<!-- Generated by org.testng.reporters.JUnitReportReporter -->
<testsuite skipped="0" hostname="Alexis" name="test.Test2Admin" tests="1" failures="0" timestamp="26 Mar 2019 15:53:07 GMT" time="4.924" errors="0">
  <testcase name="test1Admin" time="4.924" classname="test.Test2Admin"/>
</testsuite> <!-- test.Test2Admin -->
