<?xml version="1.0" encoding="UTF-8"?>
<!-- Generated by org.testng.reporters.JUnitReportReporter -->
<testsuite skipped="0" hostname="Alexis" name="test.LoginOrangeHRMTest" tests="1" failures="0" timestamp="23 Oct 2019 20:52:46 GMT" time="25.151" errors="0">
  <testcase name="login" time="25.151" classname="test.LoginOrangeHRMTest"/>
</testsuite> <!-- test.LoginOrangeHRMTest -->
