<?xml version="1.0" encoding="UTF-8"?>
<!-- Generated by org.testng.reporters.JUnitReportReporter -->
<testsuite skipped="0" hostname="Alexis" name="test.Add_NationalityTest" tests="1" failures="0" timestamp="27 Jun 2019 15:18:51 GMT" time="22.592" errors="0">
  <testcase name="add_nationality" time="22.592" classname="test.Add_NationalityTest"/>
</testsuite> <!-- test.Add_NationalityTest -->
