<?xml version="1.0" encoding="UTF-8"?>
<!-- Generated by org.testng.reporters.JUnitReportReporter -->
<testsuite skipped="0" hostname="Alexis" name="test.Delete_NationalityTest" tests="1" failures="0" timestamp="04 Nov 2019 17:00:48 GMT" time="5.810" errors="0">
  <testcase name="delete_nationality" time="5.810" classname="test.Delete_NationalityTest"/>
</testsuite> <!-- test.Delete_NationalityTest -->
