<?xml version="1.0" encoding="UTF-8"?>
<!-- Generated by org.testng.reporters.JUnitReportReporter -->
<testsuite skipped="0" hostname="Alexis" name="test.Delete_NationalityTest" tests="1" failures="0" timestamp="29 Mar 2019 21:07:10 GMT" time="7.483" errors="0">
  <testcase name="delete_nationality" time="7.483" classname="test.Delete_NationalityTest"/>
</testsuite> <!-- test.Delete_NationalityTest -->
