<?xml version="1.0" encoding="UTF-8"?>
<!-- Generated by org.testng.reporters.JUnitReportReporter -->
<testsuite skipped="0" hostname="Alexis" name="test.Add_NationalityTest" tests="1" failures="0" timestamp="29 Mar 2019 21:07:10 GMT" time="6.160" errors="0">
  <testcase name="add_nationality" time="6.160" classname="test.Add_NationalityTest"/>
</testsuite> <!-- test.Add_NationalityTest -->
