<?xml version="1.0" encoding="UTF-8"?>
<!-- Generated by org.testng.reporters.JUnitReportReporter -->
<testsuite skipped="0" hostname="Alexis" name="test.LoginOrangeHRMTest" tests="1" failures="0" timestamp="29 Mar 2019 21:07:10 GMT" time="3.696" errors="0">
  <testcase name="login" time="3.696" classname="test.LoginOrangeHRMTest"/>
</testsuite> <!-- test.LoginOrangeHRMTest -->
